Using pre-set license
Built from '2022.3/staging' branch; Version is '2022.3.4f1 (35713cd46cd7) revision 3502396'; Using compiler version '192829333'; Build Type 'Release'
OS: 'Windows 10  (10.0.19045) 64bit Core' Language: 'es' Physical Memory: 16168 MB
BatchMode: 1, IsHumanControllingUs: 0, StartBugReporterOnCrash: 0, Is64bit: 1, IsPro: 1

COMMAND LINE ARGUMENTS:
C:\Program Files\Unity\Hub\Editor\2022.3.4f1\Editor\Unity.exe
-adb2
-batchMode
-noUpm
-name
AssetImportWorker4
-projectPath
C:/Users/Mohamed Ramos Najera/GraficasComputacionales
-logFile
Logs/AssetImportWorker4.log
-srvPort
1348
Successfully changed project path to: C:/Users/Mohamed Ramos Najera/GraficasComputacionales
C:/Users/Mohamed Ramos Najera/GraficasComputacionales
[UnityMemory] Configuration Parameters - Can be set up in boot.config
    "memorysetup-bucket-allocator-granularity=16"
    "memorysetup-bucket-allocator-bucket-count=8"
    "memorysetup-bucket-allocator-block-size=33554432"
    "memorysetup-bucket-allocator-block-count=8"
    "memorysetup-main-allocator-block-size=16777216"
    "memorysetup-thread-allocator-block-size=16777216"
    "memorysetup-gfx-main-allocator-block-size=16777216"
    "memorysetup-gfx-thread-allocator-block-size=16777216"
    "memorysetup-cache-allocator-block-size=4194304"
    "memorysetup-typetree-allocator-block-size=2097152"
    "memorysetup-profiler-bucket-allocator-granularity=16"
    "memorysetup-profiler-bucket-allocator-bucket-count=8"
    "memorysetup-profiler-bucket-allocator-block-size=33554432"
    "memorysetup-profiler-bucket-allocator-block-count=8"
    "memorysetup-profiler-allocator-block-size=16777216"
    "memorysetup-profiler-editor-allocator-block-size=1048576"
    "memorysetup-temp-allocator-size-main=16777216"
    "memorysetup-job-temp-allocator-block-size=2097152"
    "memorysetup-job-temp-allocator-block-size-background=1048576"
    "memorysetup-job-temp-allocator-reduction-small-platforms=262144"
    "memorysetup-allocator-temp-initial-block-size-main=262144"
    "memorysetup-allocator-temp-initial-block-size-worker=262144"
    "memorysetup-temp-allocator-size-background-worker=32768"
    "memorysetup-temp-allocator-size-job-worker=262144"
    "memorysetup-temp-allocator-size-preload-manager=33554432"
    "memorysetup-temp-allocator-size-nav-mesh-worker=65536"
    "memorysetup-temp-allocator-size-audio-worker=65536"
    "memorysetup-temp-allocator-size-cloud-worker=32768"
    "memorysetup-temp-allocator-size-gi-baking-worker=262144"
    "memorysetup-temp-allocator-size-gfx=262144"
Player connection [39088] Host "[IP] 169.254.125.172 [Port] 0 [Flags] 2 [Guid] 40976780 [EditorId] 40976780 [Version] 1048832 [Id] WindowsEditor(7,DESKTOP-611A9H9) [Debug] 1 [PackageName] WindowsEditor [ProjectName] Editor" joined multi-casting on [225.0.0.222:54997]...

Player connection [39088] Host "[IP] 169.254.125.172 [Port] 0 [Flags] 2 [Guid] 40976780 [EditorId] 40976780 [Version] 1048832 [Id] WindowsEditor(7,DESKTOP-611A9H9) [Debug] 1 [PackageName] WindowsEditor [ProjectName] Editor" joined alternative multi-casting on [225.0.0.222:34997]...

Refreshing native plugins compatible for Editor in 17.49 ms, found 3 plugins.
Preloading 0 native plugins for Editor in 0.00 ms.
Initialize engine version: 2022.3.4f1 (35713cd46cd7)
[Subsystems] Discovering subsystems at path C:/Program Files/Unity/Hub/Editor/2022.3.4f1/Editor/Data/Resources/UnitySubsystems
[Subsystems] Discovering subsystems at path C:/Users/Mohamed Ramos Najera/GraficasComputacionales/Assets
GfxDevice: creating device client; threaded=0; jobified=0
Direct3D:
    Version:  Direct3D 11.0 [level 11.1]
    Renderer: NVIDIA GeForce RTX 2070 Super (ID=0x1e91)
    Vendor:   NVIDIA
    VRAM:     8003 MB
    Driver:   31.0.15.3640
Initialize mono
Mono path[0] = 'C:/Program Files/Unity/Hub/Editor/2022.3.4f1/Editor/Data/Managed'
Mono path[1] = 'C:/Program Files/Unity/Hub/Editor/2022.3.4f1/Editor/Data/MonoBleedingEdge/lib/mono/unityjit-win32'
Mono config path = 'C:/Program Files/Unity/Hub/Editor/2022.3.4f1/Editor/Data/MonoBleedingEdge/etc'
Using monoOptions --debugger-agent=transport=dt_socket,embedding=1,server=y,suspend=n,address=127.0.0.1:56816
Begin MonoManager ReloadAssembly
Registering precompiled unity dll's ...
Register platform support module: C:/Program Files/Unity/Hub/Editor/2022.3.4f1/Editor/Data/PlaybackEngines/WebGLSupport/UnityEditor.WebGL.Extensions.dll
Register platform support module: C:/Program Files/Unity/Hub/Editor/2022.3.4f1/Editor/Data/PlaybackEngines/WindowsStandaloneSupport/UnityEditor.WindowsStandalone.Extensions.dll
Registered in 0.025947 seconds.
- Loaded All Assemblies, in  0.633 seconds
Native extension for WindowsStandalone target not found
Native extension for WebGL target not found
Mono: successfully reloaded assembly
- Finished resetting the current domain, in  0.403 seconds
Domain Reload Profiling: 1033ms
	BeginReloadAssembly (207ms)
		ExecutionOrderSort (0ms)
		DisableScriptedObjects (0ms)
		BackupInstance (0ms)
		ReleaseScriptingObjects (0ms)
		CreateAndSetChildDomain (1ms)
	RebuildCommonClasses (54ms)
	RebuildNativeTypeToScriptingClass (16ms)
	initialDomainReloadingComplete (122ms)
	LoadAllAssembliesAndSetupDomain (229ms)
		LoadAssemblies (199ms)
		RebuildTransferFunctionScriptingTraits (0ms)
		AnalyzeDomain (217ms)
			TypeCache.Refresh (216ms)
				TypeCache.ScanAssembly (198ms)
			ScanForSourceGeneratedMonoScriptInfo (0ms)
			ResolveRequiredComponents (1ms)
	FinalizeReload (404ms)
		ReleaseScriptCaches (0ms)
		RebuildScriptCaches (0ms)
		SetupLoadedEditorAssemblies (316ms)
			LogAssemblyErrors (0ms)
			InitializePlatformSupportModulesInManaged (18ms)
			SetLoadedEditorAssemblies (8ms)
			RefreshPlugins (0ms)
			BeforeProcessingInitializeOnLoad (3ms)
			ProcessInitializeOnLoadAttributes (211ms)
			ProcessInitializeOnLoadMethodAttributes (75ms)
			AfterProcessingInitializeOnLoad (0ms)
			EditorAssembliesLoaded (0ms)
		ExecutionOrderSort2 (0ms)
		AwakeInstancesAfterBackupRestoration (0ms)
========================================================================
Worker process is ready to serve import requests
Begin MonoManager ReloadAssembly
Symbol file LoadedFromMemory doesn't match image C:\Users\Mohamed Ramos Najera\GraficasComputacionales\Library\PackageCache\com.unity.visualscripting@1.8.0\Editor\VisualScripting.Core\Dependencies\YamlDotNet\Unity.VisualScripting.YamlDotNet.dll
Symbol file LoadedFromMemory doesn't match image C:\Users\Mohamed Ramos Najera\GraficasComputacionales\Library\PackageCache\com.unity.visualscripting@1.8.0\Editor\VisualScripting.Core\Dependencies\DotNetZip\Unity.VisualScripting.IonicZip.dll
- Loaded All Assemblies, in  1.328 seconds
Refreshing native plugins compatible for Editor in 6.53 ms, found 3 plugins.
Native extension for WindowsStandalone target not found
Native extension for WebGL target not found
Mono: successfully reloaded assembly
- Finished resetting the current domain, in  0.767 seconds
Domain Reload Profiling: 2089ms
	BeginReloadAssembly (212ms)
		ExecutionOrderSort (0ms)
		DisableScriptedObjects (8ms)
		BackupInstance (0ms)
		ReleaseScriptingObjects (0ms)
		CreateAndSetChildDomain (28ms)
	RebuildCommonClasses (49ms)
	RebuildNativeTypeToScriptingClass (19ms)
	initialDomainReloadingComplete (71ms)
	LoadAllAssembliesAndSetupDomain (970ms)
		LoadAssemblies (574ms)
		RebuildTransferFunctionScriptingTraits (0ms)
		AnalyzeDomain (496ms)
			TypeCache.Refresh (462ms)
				TypeCache.ScanAssembly (441ms)
			ScanForSourceGeneratedMonoScriptInfo (24ms)
			ResolveRequiredComponents (10ms)
	FinalizeReload (767ms)
		ReleaseScriptCaches (0ms)
		RebuildScriptCaches (0ms)
		SetupLoadedEditorAssemblies (539ms)
			LogAssemblyErrors (0ms)
			InitializePlatformSupportModulesInManaged (13ms)
			SetLoadedEditorAssemblies (6ms)
			RefreshPlugins (0ms)
			BeforeProcessingInitializeOnLoad (95ms)
			ProcessInitializeOnLoadAttributes (379ms)
			ProcessInitializeOnLoadMethodAttributes (28ms)
			AfterProcessingInitializeOnLoad (17ms)
			EditorAssembliesLoaded (0ms)
		ExecutionOrderSort2 (0ms)
		AwakeInstancesAfterBackupRestoration (11ms)
Launched and connected shader compiler UnityShaderCompiler.exe after 0.07 seconds
Refreshing native plugins compatible for Editor in 6.31 ms, found 3 plugins.
Preloading 0 native plugins for Editor in 0.00 ms.
Unloading 3065 Unused Serialized files (Serialized files now loaded: 0)
Unloading 31 unused Assets / (57.4 KB). Loaded Objects now: 3553.
Memory consumption went from 126.6 MB to 126.5 MB.
Total: 5.402200 ms (FindLiveObjects: 0.542600 ms CreateObjectMapping: 0.310600 ms MarkObjects: 4.161000 ms  DeleteObjects: 0.386900 ms)

AssetImportParameters requested are different than current active one (requested -> active):
  custom:container-demuxer-ogg: 62fdf1f143b41e24485cea50d1cbac27 -> 
  custom:video-decoder-ogg-theora: a1e56fd34408186e4bbccfd4996cb3dc -> 
  custom:framework-win-MediaFoundation: 216162199b28c13a410421893ffa2e32 -> 
  custom:CustomObjectIndexerAttribute: 756ad292c208cfabdd7b50bc23989ffe -> 
  custom:container-demuxer-webm: 4f35f7cbe854078d1ac9338744f61a02 -> 
  custom:container-muxer-webm: aa71ff27fc2769a1b78a27578f13a17b -> 
  custom:video-decoder-webm-vp8: 9c59270c3fd7afecdb556c50c9e8de78 -> 
  custom:AudioImporter_EditorPlatform: d09bf68614088b80899f8185d706f6e7 -> 
  custom:video-encoder-webm-vp8: eb34c28f22e8b96e1ab97ce403110664 -> 
  custom:audio-decoder-ogg-vorbis: bf7c407c2cedff20999df2af8eb42d56 -> 
  custom:audio-encoder-webm-vorbis: bf7c407c2cedff20999df2af8eb42d56 -> 
========================================================================
Received Import Request.
  Time since last request: 1304358.519874 seconds.
  path: Assets/AllSkyFree/_AllSkyFreeDemoEnvironment/AllSky_DemoEnvironment.fbx
  artifactKey: Guid(3ca2c2ce56b9e44f598f5de419ce4e8a) Importer(815301076,1909f56bfc062723c751e8b465ee728b)
Start importing Assets/AllSkyFree/_AllSkyFreeDemoEnvironment/AllSky_DemoEnvironment.fbx using Guid(3ca2c2ce56b9e44f598f5de419ce4e8a) Importer(815301076,1909f56bfc062723c751e8b465ee728b)  -> (artifact id: '4f2fabaec50f7e52de48f09306118a30') in 0.236950 seconds
Number of updated asset objects reloaded before import = 0
Number of asset objects unloaded after import = 7
========================================================================
Received Import Request.
  Time since last request: 0.000028 seconds.
  path: Assets/Stylized Snow Forest/Resourses/Models/SM_Tree_01.fbx
  artifactKey: Guid(b50e689e0e34f5342b2c6effbd091f85) Importer(815301076,1909f56bfc062723c751e8b465ee728b)
Start importing Assets/Stylized Snow Forest/Resourses/Models/SM_Tree_01.fbx using Guid(b50e689e0e34f5342b2c6effbd091f85) Importer(815301076,1909f56bfc062723c751e8b465ee728b)  -> (artifact id: '1983f6b8fad530812d21cd8632b262d3') in 0.037904 seconds
Number of updated asset objects reloaded before import = 0
Number of asset objects unloaded after import = 17
========================================================================
Received Import Request.
  Time since last request: 0.000597 seconds.
  path: Assets/Stylized Snow Forest/Resourses/Models/SM_Pine_01.fbx
  artifactKey: Guid(f2a381e30dfffbb4e91456c1cc1b4963) Importer(815301076,1909f56bfc062723c751e8b465ee728b)
Start importing Assets/Stylized Snow Forest/Resourses/Models/SM_Pine_01.fbx using Guid(f2a381e30dfffbb4e91456c1cc1b4963) Importer(815301076,1909f56bfc062723c751e8b465ee728b)  -> (artifact id: '6dbd0f39fc124cc85ae76d2ca5e44ef8') in 0.084769 seconds
Number of updated asset objects reloaded before import = 0
Number of asset objects unloaded after import = 17
========================================================================
Received Import Request.
  Time since last request: 0.976061 seconds.
  path: Assets/AllSkyFree/_AllSkyFreeDemoEnvironment/SunGlow.prefab
  artifactKey: Guid(77c6a14c272c145258604a1a07246e46) Importer(815301076,1909f56bfc062723c751e8b465ee728b)
Start importing Assets/AllSkyFree/_AllSkyFreeDemoEnvironment/SunGlow.prefab using Guid(77c6a14c272c145258604a1a07246e46) Importer(815301076,1909f56bfc062723c751e8b465ee728b)  -> (artifact id: '77df6058ff72ef0b7adece0fd996cdfb') in 0.003268 seconds
Number of updated asset objects reloaded before import = 0
Number of asset objects unloaded after import = 5
========================================================================
Received Import Request.
  Time since last request: 615.410178 seconds.
  path: Assets/Stylized Snow Forest/Terrain
  artifactKey: Guid(ad0dc06e537cb58469442eb51aa99d75) Importer(815301076,1909f56bfc062723c751e8b465ee728b)
Start importing Assets/Stylized Snow Forest/Terrain using Guid(ad0dc06e537cb58469442eb51aa99d75) Importer(815301076,1909f56bfc062723c751e8b465ee728b)  -> (artifact id: 'b096bf8ab6b1a0dfa4cdbc512f4faeb2') in 0.001014 seconds
Number of updated asset objects reloaded before import = 0
Number of asset objects unloaded after import = 0
========================================================================
Received Import Request.
  Time since last request: 139.106987 seconds.
  path: Assets/QS/QS-Textures-Grass-v1/Textures/QS-GRASS-3.1.png
  artifactKey: Guid(d328323ac18b12b4eacc6998b100dace) Importer(815301076,1909f56bfc062723c751e8b465ee728b)
Start importing Assets/QS/QS-Textures-Grass-v1/Textures/QS-GRASS-3.1.png using Guid(d328323ac18b12b4eacc6998b100dace) Importer(815301076,1909f56bfc062723c751e8b465ee728b)  -> (artifact id: 'bde141218cd0808482cd57272d578f33') in 0.030864 seconds
Number of updated asset objects reloaded before import = 0
Number of asset objects unloaded after import = 2
========================================================================
Received Import Request.
  Time since last request: 19.836185 seconds.
  path: Assets/Stylized Snow Forest/Resourses/Textures/T_EnvironmentAtlas_BaseColor.png
  artifactKey: Guid(c36dbfb5156ebb746a0d4820345dd8aa) Importer(815301076,1909f56bfc062723c751e8b465ee728b)
Start importing Assets/Stylized Snow Forest/Resourses/Textures/T_EnvironmentAtlas_BaseColor.png using Guid(c36dbfb5156ebb746a0d4820345dd8aa) Importer(815301076,1909f56bfc062723c751e8b465ee728b)  -> (artifact id: '9249ae171e1e2adf14be703cbaa386f6') in 0.010021 seconds
Number of updated asset objects reloaded before import = 0
Number of asset objects unloaded after import = 2
========================================================================
Received Prepare
Begin MonoManager ReloadAssembly
Symbol file LoadedFromMemory doesn't match image C:\Users\Mohamed Ramos Najera\GraficasComputacionales\Library\PackageCache\com.unity.visualscripting@1.8.0\Editor\VisualScripting.Core\Dependencies\YamlDotNet\Unity.VisualScripting.YamlDotNet.dll
Symbol file LoadedFromMemory doesn't match image C:\Users\Mohamed Ramos Najera\GraficasComputacionales\Library\PackageCache\com.unity.visualscripting@1.8.0\Editor\VisualScripting.Core\Dependencies\DotNetZip\Unity.VisualScripting.IonicZip.dll
- Loaded All Assemblies, in  1.380 seconds
Refreshing native plugins compatible for Editor in 6.55 ms, found 3 plugins.
Native extension for WindowsStandalone target not found
Native extension for WebGL target not found
Mono: successfully reloaded assembly
- Finished resetting the current domain, in  1.543 seconds
Domain Reload Profiling: 2917ms
	BeginReloadAssembly (372ms)
		ExecutionOrderSort (0ms)
		DisableScriptedObjects (17ms)
		BackupInstance (0ms)
		ReleaseScriptingObjects (0ms)
		CreateAndSetChildDomain (98ms)
	RebuildCommonClasses (52ms)
	RebuildNativeTypeToScriptingClass (18ms)
	initialDomainReloadingComplete (57ms)
	LoadAllAssembliesAndSetupDomain (874ms)
		LoadAssemblies (500ms)
		RebuildTransferFunctionScriptingTraits (0ms)
		AnalyzeDomain (473ms)
			TypeCache.Refresh (459ms)
				TypeCache.ScanAssembly (437ms)
			ScanForSourceGeneratedMonoScriptInfo (6ms)
			ResolveRequiredComponents (8ms)
	FinalizeReload (1544ms)
		ReleaseScriptCaches (0ms)
		RebuildScriptCaches (0ms)
		SetupLoadedEditorAssemblies (611ms)
			LogAssemblyErrors (0ms)
			InitializePlatformSupportModulesInManaged (18ms)
			SetLoadedEditorAssemblies (8ms)
			RefreshPlugins (0ms)
			BeforeProcessingInitializeOnLoad (153ms)
			ProcessInitializeOnLoadAttributes (378ms)
			ProcessInitializeOnLoadMethodAttributes (37ms)
			AfterProcessingInitializeOnLoad (17ms)
			EditorAssembliesLoaded (0ms)
		ExecutionOrderSort2 (0ms)
		AwakeInstancesAfterBackupRestoration (12ms)
Refreshing native plugins compatible for Editor in 6.27 ms, found 3 plugins.
Preloading 0 native plugins for Editor in 0.00 ms.
Unloading 3064 Unused Serialized files (Serialized files now loaded: 0)
Unloading 26 unused Assets / (2.2 MB). Loaded Objects now: 3605.
Memory consumption went from 133.9 MB to 131.7 MB.
Total: 7.339300 ms (FindLiveObjects: 0.301400 ms CreateObjectMapping: 0.285100 ms MarkObjects: 5.146600 ms  DeleteObjects: 1.604500 ms)

Prepare: number of updated asset objects reloaded= 0
AssetImportParameters requested are different than current active one (requested -> active):
  custom:container-demuxer-ogg: 62fdf1f143b41e24485cea50d1cbac27 -> 
  custom:video-decoder-ogg-theora: a1e56fd34408186e4bbccfd4996cb3dc -> 
  custom:framework-win-MediaFoundation: 216162199b28c13a410421893ffa2e32 -> 
  custom:CustomObjectIndexerAttribute: 756ad292c208cfabdd7b50bc23989ffe -> 
  custom:container-demuxer-webm: 4f35f7cbe854078d1ac9338744f61a02 -> 
  custom:container-muxer-webm: aa71ff27fc2769a1b78a27578f13a17b -> 
  custom:video-decoder-webm-vp8: 9c59270c3fd7afecdb556c50c9e8de78 -> 
  custom:AudioImporter_EditorPlatform: d09bf68614088b80899f8185d706f6e7 -> 
  custom:video-encoder-webm-vp8: eb34c28f22e8b96e1ab97ce403110664 -> 
  custom:audio-decoder-ogg-vorbis: bf7c407c2cedff20999df2af8eb42d56 -> 
  custom:audio-encoder-webm-vorbis: bf7c407c2cedff20999df2af8eb42d56 -> 
========================================================================
Received Import Request.
  Time since last request: 207.036006 seconds.
  path: Assets/New Terrain.asset
  artifactKey: Guid(f71c379743953474dbf7d38e9f8d0e03) Importer(815301076,1909f56bfc062723c751e8b465ee728b)
Start importing Assets/New Terrain.asset using Guid(f71c379743953474dbf7d38e9f8d0e03) Importer(815301076,1909f56bfc062723c751e8b465ee728b) The tree Grass_01 must use the Nature/Soft Occlusion shader. Otherwise billboarding/lighting will not work correctly.
The tree SM_Rocks couldn't be instanced because the prefab contains no valid mesh renderer.
 -> (artifact id: '86ff3d2510c111ed35078ee27da7fba9') in 0.109217 seconds
Number of updated asset objects reloaded before import = 0
Number of asset objects unloaded after import = 96
========================================================================
Received Import Request.
  Time since last request: 3.210361 seconds.
  path: Assets/Dynamic Snow System
  artifactKey: Guid(6433e5e45f4cb93468c02124a4ec6e8f) Importer(815301076,1909f56bfc062723c751e8b465ee728b)
Start importing Assets/Dynamic Snow System using Guid(6433e5e45f4cb93468c02124a4ec6e8f) Importer(815301076,1909f56bfc062723c751e8b465ee728b)  -> (artifact id: 'ae63306e32811cd7ad4e30e4288f90b5') in 0.001073 seconds
Number of updated asset objects reloaded before import = 0
Number of asset objects unloaded after import = 0
========================================================================
Received Import Request.
  Time since last request: 2.361038 seconds.
  path: Assets/Scenes
  artifactKey: Guid(be52c9fccc8614a4e8e9edacd3b374c9) Importer(815301076,1909f56bfc062723c751e8b465ee728b)
Start importing Assets/Scenes using Guid(be52c9fccc8614a4e8e9edacd3b374c9) Importer(815301076,1909f56bfc062723c751e8b465ee728b)  -> (artifact id: '1c66b014dc511e7a8011704b49d10426') in 0.000761 seconds
Number of updated asset objects reloaded before import = 0
Number of asset objects unloaded after import = 0
========================================================================
Received Import Request.
  Time since last request: 49.320723 seconds.
  path: Assets/Dynamic Snow System/Textures/snow_diffuse.png
  artifactKey: Guid(92f91c7beea0ced468c399eadc37f683) Importer(815301076,1909f56bfc062723c751e8b465ee728b)
Start importing Assets/Dynamic Snow System/Textures/snow_diffuse.png using Guid(92f91c7beea0ced468c399eadc37f683) Importer(815301076,1909f56bfc062723c751e8b465ee728b)  -> (artifact id: 'cfd5cbaba9cb4a90c52f528f70df7657') in 0.054538 seconds
Number of updated asset objects reloaded before import = 0
Number of asset objects unloaded after import = 2
========================================================================
Received Import Request.
  Time since last request: 0.000759 seconds.
  path: Assets/Dynamic Snow System/Textures/snow_normal.png
  artifactKey: Guid(5640c26b94db6af49920a957368de0e7) Importer(815301076,1909f56bfc062723c751e8b465ee728b)
Start importing Assets/Dynamic Snow System/Textures/snow_normal.png using Guid(5640c26b94db6af49920a957368de0e7) Importer(815301076,1909f56bfc062723c751e8b465ee728b)  -> (artifact id: '4e4f3dc4a42a97954407f97d57c76e75') in 0.058413 seconds
Number of updated asset objects reloaded before import = 0
Number of asset objects unloaded after import = 2
========================================================================
Received Import Request.
  Time since last request: 0.000023 seconds.
  path: Assets/Dynamic Snow System/Textures/snow_specular.png
  artifactKey: Guid(ee16235e718500948bd2b49ecada81d7) Importer(815301076,1909f56bfc062723c751e8b465ee728b)
Start importing Assets/Dynamic Snow System/Textures/snow_specular.png using Guid(ee16235e718500948bd2b49ecada81d7) Importer(815301076,1909f56bfc062723c751e8b465ee728b)  -> (artifact id: 'f16cd67c18ff1ee6e174ddb3b8399314') in 0.034592 seconds
Number of updated asset objects reloaded before import = 0
Number of asset objects unloaded after import = 2
========================================================================
Received Import Request.
  Time since last request: 18.137464 seconds.
  path: Assets/QS/QS-Textures-Grass-v1/Textures/QS-GRASS-1.1.png
  artifactKey: Guid(13fd3dd52bf157845864087bf321dbff) Importer(815301076,1909f56bfc062723c751e8b465ee728b)
Start importing Assets/QS/QS-Textures-Grass-v1/Textures/QS-GRASS-1.1.png using Guid(13fd3dd52bf157845864087bf321dbff) Importer(815301076,1909f56bfc062723c751e8b465ee728b)  -> (artifact id: '1c7953ce3a23339740c8a3a5d5eb6907') in 0.011140 seconds
Number of updated asset objects reloaded before import = 0
Number of asset objects unloaded after import = 2
========================================================================
Received Import Request.
  Time since last request: 0.005937 seconds.
  path: Assets/QS/QS-Textures-Grass-v1/Textures/QS-GRASS-8.1.png
  artifactKey: Guid(84da742bd36439745a3e5bda7e7f1387) Importer(815301076,1909f56bfc062723c751e8b465ee728b)
Start importing Assets/QS/QS-Textures-Grass-v1/Textures/QS-GRASS-8.1.png using Guid(84da742bd36439745a3e5bda7e7f1387) Importer(815301076,1909f56bfc062723c751e8b465ee728b)  -> (artifact id: '7d19ded4e6db9191f917f71e57d6c7c4') in 0.013646 seconds
Number of updated asset objects reloaded before import = 0
Number of asset objects unloaded after import = 2
========================================================================
Received Import Request.
  Time since last request: 0.000741 seconds.
  path: Assets/QS/QS-Textures-Grass-v1/Textures/QS-GRASS-9.png
  artifactKey: Guid(8d55ff15069da024c8d559c9b71e71b9) Importer(815301076,1909f56bfc062723c751e8b465ee728b)
Start importing Assets/QS/QS-Textures-Grass-v1/Textures/QS-GRASS-9.png using Guid(8d55ff15069da024c8d559c9b71e71b9) Importer(815301076,1909f56bfc062723c751e8b465ee728b)  -> (artifact id: '4b93c48df337ad8ed8e0f34289631af9') in 0.011604 seconds
Number of updated asset objects reloaded before import = 0
Number of asset objects unloaded after import = 2
========================================================================
Received Import Request.
  Time since last request: 0.001190 seconds.
  path: Assets/AllSkyFree/Cartoon Base BlueSky/Sky_Day_BlueSky_Nothing_Cam_5_Down-Y.png
  artifactKey: Guid(4c119b81b42684c39873d7738564bcdd) Importer(815301076,1909f56bfc062723c751e8b465ee728b)
Start importing Assets/AllSkyFree/Cartoon Base BlueSky/Sky_Day_BlueSky_Nothing_Cam_5_Down-Y.png using Guid(4c119b81b42684c39873d7738564bcdd) Importer(815301076,1909f56bfc062723c751e8b465ee728b)  -> (artifact id: '0fef4b9c1b7560f92e0dfa1776f4f0ad') in 0.015843 seconds
Number of updated asset objects reloaded before import = 0
Number of asset objects unloaded after import = 2
========================================================================
Received Import Request.
  Time since last request: 0.000941 seconds.
  path: Assets/AllSkyFree/Cartoon Base BlueSky/Sky_Day_BlueSky_Nothing_Cam_4_Up+Y.png
  artifactKey: Guid(5cf2d5ca2357a4d4fb98ebc5b6034e72) Importer(815301076,1909f56bfc062723c751e8b465ee728b)
Start importing Assets/AllSkyFree/Cartoon Base BlueSky/Sky_Day_BlueSky_Nothing_Cam_4_Up+Y.png using Guid(5cf2d5ca2357a4d4fb98ebc5b6034e72) Importer(815301076,1909f56bfc062723c751e8b465ee728b)  -> (artifact id: '59af9635cb7796b24d0b984e1f6ae468') in 0.015615 seconds
Number of updated asset objects reloaded before import = 0
Number of asset objects unloaded after import = 2
========================================================================
Received Import Request.
  Time since last request: 0.000995 seconds.
  path: Assets/QS/QS-Textures-Grass-v1/Textures/QS-GRASS-9.1.png
  artifactKey: Guid(b7db08026c22ca2448703b02a6c2ca42) Importer(815301076,1909f56bfc062723c751e8b465ee728b)
Start importing Assets/QS/QS-Textures-Grass-v1/Textures/QS-GRASS-9.1.png using Guid(b7db08026c22ca2448703b02a6c2ca42) Importer(815301076,1909f56bfc062723c751e8b465ee728b)  -> (artifact id: 'e59bd484ff1c6180fcd60021642b9846') in 0.011775 seconds
Number of updated asset objects reloaded before import = 0
Number of asset objects unloaded after import = 2
========================================================================
Received Import Request.
  Time since last request: 0.000796 seconds.
  path: Assets/QS/QS-Textures-Grass-v1/Textures/QS-GRASS-6.1.png
  artifactKey: Guid(e976a3fb05af8ff49852a29592031e49) Importer(815301076,1909f56bfc062723c751e8b465ee728b)
Start importing Assets/QS/QS-Textures-Grass-v1/Textures/QS-GRASS-6.1.png using Guid(e976a3fb05af8ff49852a29592031e49) Importer(815301076,1909f56bfc062723c751e8b465ee728b)  -> (artifact id: '22d7d3c14ae2a23d529ed39e6cf91ad6') in 0.022789 seconds
Number of updated asset objects reloaded before import = 0
Number of asset objects unloaded after import = 2
========================================================================
Received Import Request.
  Time since last request: 0.000736 seconds.
  path: Assets/AllSkyFree/_AllSkyFreeDemoEnvironment/SunGlare.psd
  artifactKey: Guid(85a4e5125000348519b7a18a518e6a69) Importer(815301076,1909f56bfc062723c751e8b465ee728b)
Start importing Assets/AllSkyFree/_AllSkyFreeDemoEnvironment/SunGlare.psd using Guid(85a4e5125000348519b7a18a518e6a69) Importer(815301076,1909f56bfc062723c751e8b465ee728b)  -> (artifact id: '2ae21384c059408e1fd1480aad59d1ca') in 0.019429 seconds
Number of updated asset objects reloaded before import = 0
Number of asset objects unloaded after import = 2
Editor requested this worker to shutdown with reason: Scaling down because of idle timeout
TcpMessagingSession - receive error: operation aborted. errorcode: 995, details: La operación de E/S se anuló por una salida de subproceso o por una solicitud de aplicación.
AssetImportWorker is now disconnected from the server
Process exiting
Exiting without the bug reporter. Application will terminate with return code 0