Using pre-set license
Built from '2022.3/staging' branch; Version is '2022.3.4f1 (35713cd46cd7) revision 3502396'; Using compiler version '192829333'; Build Type 'Release'
OS: 'Windows 10  (10.0.19045) 64bit Core' Language: 'es' Physical Memory: 16168 MB
BatchMode: 1, IsHumanControllingUs: 0, StartBugReporterOnCrash: 0, Is64bit: 1, IsPro: 1

COMMAND LINE ARGUMENTS:
C:\Program Files\Unity\Hub\Editor\2022.3.4f1\Editor\Unity.exe
-adb2
-batchMode
-noUpm
-name
AssetImportWorker2
-projectPath
C:/Users/Mohamed Ramos Najera/GraficasComputacionales
-logFile
Logs/AssetImportWorker2.log
-srvPort
1348
Successfully changed project path to: C:/Users/Mohamed Ramos Najera/GraficasComputacionales
C:/Users/Mohamed Ramos Najera/GraficasComputacionales
[UnityMemory] Configuration Parameters - Can be set up in boot.config
    "memorysetup-bucket-allocator-granularity=16"
    "memorysetup-bucket-allocator-bucket-count=8"
    "memorysetup-bucket-allocator-block-size=33554432"
    "memorysetup-bucket-allocator-block-count=8"
    "memorysetup-main-allocator-block-size=16777216"
    "memorysetup-thread-allocator-block-size=16777216"
    "memorysetup-gfx-main-allocator-block-size=16777216"
    "memorysetup-gfx-thread-allocator-block-size=16777216"
    "memorysetup-cache-allocator-block-size=4194304"
    "memorysetup-typetree-allocator-block-size=2097152"
    "memorysetup-profiler-bucket-allocator-granularity=16"
    "memorysetup-profiler-bucket-allocator-bucket-count=8"
    "memorysetup-profiler-bucket-allocator-block-size=33554432"
    "memorysetup-profiler-bucket-allocator-block-count=8"
    "memorysetup-profiler-allocator-block-size=16777216"
    "memorysetup-profiler-editor-allocator-block-size=1048576"
    "memorysetup-temp-allocator-size-main=16777216"
    "memorysetup-job-temp-allocator-block-size=2097152"
    "memorysetup-job-temp-allocator-block-size-background=1048576"
    "memorysetup-job-temp-allocator-reduction-small-platforms=262144"
    "memorysetup-allocator-temp-initial-block-size-main=262144"
    "memorysetup-allocator-temp-initial-block-size-worker=262144"
    "memorysetup-temp-allocator-size-background-worker=32768"
    "memorysetup-temp-allocator-size-job-worker=262144"
    "memorysetup-temp-allocator-size-preload-manager=33554432"
    "memorysetup-temp-allocator-size-nav-mesh-worker=65536"
    "memorysetup-temp-allocator-size-audio-worker=65536"
    "memorysetup-temp-allocator-size-cloud-worker=32768"
    "memorysetup-temp-allocator-size-gi-baking-worker=262144"
    "memorysetup-temp-allocator-size-gfx=262144"
Player connection [35912] Host "[IP] 169.254.125.172 [Port] 0 [Flags] 2 [Guid] 1813269008 [EditorId] 1813269008 [Version] 1048832 [Id] WindowsEditor(7,DESKTOP-611A9H9) [Debug] 1 [PackageName] WindowsEditor [ProjectName] Editor" joined multi-casting on [225.0.0.222:54997]...

Player connection [35912] Host "[IP] 169.254.125.172 [Port] 0 [Flags] 2 [Guid] 1813269008 [EditorId] 1813269008 [Version] 1048832 [Id] WindowsEditor(7,DESKTOP-611A9H9) [Debug] 1 [PackageName] WindowsEditor [ProjectName] Editor" joined alternative multi-casting on [225.0.0.222:34997]...

Refreshing native plugins compatible for Editor in 14.25 ms, found 3 plugins.
Preloading 0 native plugins for Editor in 0.00 ms.
Initialize engine version: 2022.3.4f1 (35713cd46cd7)
[Subsystems] Discovering subsystems at path C:/Program Files/Unity/Hub/Editor/2022.3.4f1/Editor/Data/Resources/UnitySubsystems
[Subsystems] Discovering subsystems at path C:/Users/Mohamed Ramos Najera/GraficasComputacionales/Assets
GfxDevice: creating device client; threaded=0; jobified=0
Direct3D:
    Version:  Direct3D 11.0 [level 11.1]
    Renderer: NVIDIA GeForce RTX 2070 Super (ID=0x1e91)
    Vendor:   NVIDIA
    VRAM:     8003 MB
    Driver:   31.0.15.3640
Initialize mono
Mono path[0] = 'C:/Program Files/Unity/Hub/Editor/2022.3.4f1/Editor/Data/Managed'
Mono path[1] = 'C:/Program Files/Unity/Hub/Editor/2022.3.4f1/Editor/Data/MonoBleedingEdge/lib/mono/unityjit-win32'
Mono config path = 'C:/Program Files/Unity/Hub/Editor/2022.3.4f1/Editor/Data/MonoBleedingEdge/etc'
Using monoOptions --debugger-agent=transport=dt_socket,embedding=1,server=y,suspend=n,address=127.0.0.1:56920
Begin MonoManager ReloadAssembly
Registering precompiled unity dll's ...
Register platform support module: C:/Program Files/Unity/Hub/Editor/2022.3.4f1/Editor/Data/PlaybackEngines/WebGLSupport/UnityEditor.WebGL.Extensions.dll
Register platform support module: C:/Program Files/Unity/Hub/Editor/2022.3.4f1/Editor/Data/PlaybackEngines/WindowsStandaloneSupport/UnityEditor.WindowsStandalone.Extensions.dll
Registered in 0.020617 seconds.
- Loaded All Assemblies, in  0.745 seconds
Native extension for WindowsStandalone target not found
Native extension for WebGL target not found
Mono: successfully reloaded assembly
- Finished resetting the current domain, in  0.495 seconds
Domain Reload Profiling: 1236ms
	BeginReloadAssembly (172ms)
		ExecutionOrderSort (0ms)
		DisableScriptedObjects (0ms)
		BackupInstance (0ms)
		ReleaseScriptingObjects (0ms)
		CreateAndSetChildDomain (2ms)
	RebuildCommonClasses (69ms)
	RebuildNativeTypeToScriptingClass (20ms)
	initialDomainReloadingComplete (121ms)
	LoadAllAssembliesAndSetupDomain (358ms)
		LoadAssemblies (165ms)
		RebuildTransferFunctionScriptingTraits (0ms)
		AnalyzeDomain (346ms)
			TypeCache.Refresh (344ms)
				TypeCache.ScanAssembly (309ms)
			ScanForSourceGeneratedMonoScriptInfo (1ms)
			ResolveRequiredComponents (1ms)
	FinalizeReload (496ms)
		ReleaseScriptCaches (0ms)
		RebuildScriptCaches (0ms)
		SetupLoadedEditorAssemblies (353ms)
			LogAssemblyErrors (0ms)
			InitializePlatformSupportModulesInManaged (29ms)
			SetLoadedEditorAssemblies (9ms)
			RefreshPlugins (0ms)
			BeforeProcessingInitializeOnLoad (3ms)
			ProcessInitializeOnLoadAttributes (233ms)
			ProcessInitializeOnLoadMethodAttributes (78ms)
			AfterProcessingInitializeOnLoad (0ms)
			EditorAssembliesLoaded (0ms)
		ExecutionOrderSort2 (0ms)
		AwakeInstancesAfterBackupRestoration (0ms)
========================================================================
Worker process is ready to serve import requests
Begin MonoManager ReloadAssembly
Symbol file LoadedFromMemory doesn't match image C:\Users\Mohamed Ramos Najera\GraficasComputacionales\Library\PackageCache\com.unity.visualscripting@1.8.0\Editor\VisualScripting.Core\Dependencies\YamlDotNet\Unity.VisualScripting.YamlDotNet.dll
Symbol file LoadedFromMemory doesn't match image C:\Users\Mohamed Ramos Najera\GraficasComputacionales\Library\PackageCache\com.unity.visualscripting@1.8.0\Editor\VisualScripting.Core\Dependencies\DotNetZip\Unity.VisualScripting.IonicZip.dll
- Loaded All Assemblies, in  1.210 seconds
Refreshing native plugins compatible for Editor in 6.88 ms, found 3 plugins.
Native extension for WindowsStandalone target not found
Native extension for WebGL target not found
Mono: successfully reloaded assembly
- Finished resetting the current domain, in  0.794 seconds
Domain Reload Profiling: 1998ms
	BeginReloadAssembly (214ms)
		ExecutionOrderSort (0ms)
		DisableScriptedObjects (9ms)
		BackupInstance (0ms)
		ReleaseScriptingObjects (0ms)
		CreateAndSetChildDomain (30ms)
	RebuildCommonClasses (54ms)
	RebuildNativeTypeToScriptingClass (18ms)
	initialDomainReloadingComplete (77ms)
	LoadAllAssembliesAndSetupDomain (838ms)
		LoadAssemblies (464ms)
		RebuildTransferFunctionScriptingTraits (0ms)
		AnalyzeDomain (475ms)
			TypeCache.Refresh (447ms)
				TypeCache.ScanAssembly (430ms)
			ScanForSourceGeneratedMonoScriptInfo (21ms)
			ResolveRequiredComponents (7ms)
	FinalizeReload (795ms)
		ReleaseScriptCaches (0ms)
		RebuildScriptCaches (0ms)
		SetupLoadedEditorAssemblies (568ms)
			LogAssemblyErrors (0ms)
			InitializePlatformSupportModulesInManaged (24ms)
			SetLoadedEditorAssemblies (9ms)
			RefreshPlugins (0ms)
			BeforeProcessingInitializeOnLoad (118ms)
			ProcessInitializeOnLoadAttributes (368ms)
			ProcessInitializeOnLoadMethodAttributes (30ms)
			AfterProcessingInitializeOnLoad (19ms)
			EditorAssembliesLoaded (0ms)
		ExecutionOrderSort2 (0ms)
		AwakeInstancesAfterBackupRestoration (12ms)
Launched and connected shader compiler UnityShaderCompiler.exe after 0.09 seconds
Refreshing native plugins compatible for Editor in 9.34 ms, found 3 plugins.
Preloading 0 native plugins for Editor in 0.00 ms.
Unloading 3065 Unused Serialized files (Serialized files now loaded: 0)
Unloading 31 unused Assets / (57.3 KB). Loaded Objects now: 3553.
Memory consumption went from 126.5 MB to 126.5 MB.
Total: 4.835700 ms (FindLiveObjects: 0.315700 ms CreateObjectMapping: 0.305500 ms MarkObjects: 4.070400 ms  DeleteObjects: 0.142500 ms)

AssetImportParameters requested are different than current active one (requested -> active):
  custom:container-demuxer-ogg: 62fdf1f143b41e24485cea50d1cbac27 -> 
  custom:video-decoder-ogg-theora: a1e56fd34408186e4bbccfd4996cb3dc -> 
  custom:framework-win-MediaFoundation: 216162199b28c13a410421893ffa2e32 -> 
  custom:container-demuxer-webm: 4f35f7cbe854078d1ac9338744f61a02 -> 
  custom:container-muxer-webm: aa71ff27fc2769a1b78a27578f13a17b -> 
  custom:video-decoder-webm-vp8: 9c59270c3fd7afecdb556c50c9e8de78 -> 
  custom:AudioImporter_EditorPlatform: d09bf68614088b80899f8185d706f6e7 -> 
  custom:video-encoder-webm-vp8: eb34c28f22e8b96e1ab97ce403110664 -> 
  custom:audio-decoder-ogg-vorbis: bf7c407c2cedff20999df2af8eb42d56 -> 
  custom:audio-encoder-webm-vorbis: bf7c407c2cedff20999df2af8eb42d56 -> 
========================================================================
Received Import Request.
  Time since last request: 1279893.012219 seconds.
  path: Assets/NewLayer.terrainlayer
  artifactKey: Guid(667ba4ea05485f7428eef901139f3dc2) Importer(815301076,1909f56bfc062723c751e8b465ee728b)
Start importing Assets/NewLayer.terrainlayer using Guid(667ba4ea05485f7428eef901139f3dc2) Importer(815301076,1909f56bfc062723c751e8b465ee728b)  -> (artifact id: '5fb29e20530c61ec4a1cb55371ef3f62') in 0.102471 seconds
Number of updated asset objects reloaded before import = 0
Number of asset objects unloaded after import = 2
========================================================================
Received Import Request.
  Time since last request: 0.000024 seconds.
  path: Assets/New Terrain.asset
  artifactKey: Guid(f71c379743953474dbf7d38e9f8d0e03) Importer(815301076,1909f56bfc062723c751e8b465ee728b)
Start importing Assets/New Terrain.asset using Guid(f71c379743953474dbf7d38e9f8d0e03) Importer(815301076,1909f56bfc062723c751e8b465ee728b) The tree tinker 1 couldn't be instanced because the prefab contains no valid mesh renderer.
 -> (artifact id: 'f3594bebebdf27bd7f1f46a6336065a7') in 0.048642 seconds
Number of updated asset objects reloaded before import = 0
Number of asset objects unloaded after import = 36
========================================================================
Received Import Request.
  Time since last request: 0.000458 seconds.
  path: Assets/tinker.obj
  artifactKey: Guid(323b3b8847023ff4296ef1a5c55a0b94) Importer(815301076,1909f56bfc062723c751e8b465ee728b)
Start importing Assets/tinker.obj using Guid(323b3b8847023ff4296ef1a5c55a0b94) Importer(815301076,1909f56bfc062723c751e8b465ee728b)  -> (artifact id: '212f891f34028c170d1a7fe7f315ec3a') in 0.183841 seconds
Number of updated asset objects reloaded before import = 0
Number of asset objects unloaded after import = 22
========================================================================
Received Prepare
Refreshing native plugins compatible for Editor in 5.67 ms, found 3 plugins.
Preloading 0 native plugins for Editor in 0.00 ms.
Unloading 0 Unused Serialized files (Serialized files now loaded: 0)
Unloading 1 unused Assets / (0.8 KB). Loaded Objects now: 3601.
Memory consumption went from 83.1 MB to 83.1 MB.
Total: 4.965300 ms (FindLiveObjects: 0.301500 ms CreateObjectMapping: 0.230600 ms MarkObjects: 4.403400 ms  DeleteObjects: 0.028300 ms)

Prepare: number of updated asset objects reloaded= 0
AssetImportParameters requested are different than current active one (requested -> active):
  custom:container-demuxer-ogg: 62fdf1f143b41e24485cea50d1cbac27 -> 
  custom:video-decoder-ogg-theora: a1e56fd34408186e4bbccfd4996cb3dc -> 
  custom:framework-win-MediaFoundation: 216162199b28c13a410421893ffa2e32 -> 
  custom:CustomObjectIndexerAttribute: 756ad292c208cfabdd7b50bc23989ffe -> 
  custom:container-demuxer-webm: 4f35f7cbe854078d1ac9338744f61a02 -> 
  custom:container-muxer-webm: aa71ff27fc2769a1b78a27578f13a17b -> 
  custom:video-decoder-webm-vp8: 9c59270c3fd7afecdb556c50c9e8de78 -> 
  custom:AudioImporter_EditorPlatform: d09bf68614088b80899f8185d706f6e7 -> 
  custom:video-encoder-webm-vp8: eb34c28f22e8b96e1ab97ce403110664 -> 
  custom:audio-decoder-ogg-vorbis: bf7c407c2cedff20999df2af8eb42d56 -> 
  custom:audio-encoder-webm-vorbis: bf7c407c2cedff20999df2af8eb42d56 -> 
========================================================================
Received Import Request.
  Time since last request: 24099.136443 seconds.
  path: Assets/New Terrain.asset
  artifactKey: Guid(f71c379743953474dbf7d38e9f8d0e03) Importer(815301076,1909f56bfc062723c751e8b465ee728b)
Start importing Assets/New Terrain.asset using Guid(f71c379743953474dbf7d38e9f8d0e03) Importer(815301076,1909f56bfc062723c751e8b465ee728b) The tree tinker 1 couldn't be instanced because the prefab contains no valid mesh renderer.
 -> (artifact id: '42831b4dd158494499ac20621b3f219d') in 0.694872 seconds
Number of updated asset objects reloaded before import = 0
Number of asset objects unloaded after import = 36
========================================================================
Received Import Request.
  Time since last request: 243.525288 seconds.
  path: Assets/New Folder/tinker.obj
  artifactKey: Guid(d9e6e9d5476498746ade0775199572da) Importer(815301076,1909f56bfc062723c751e8b465ee728b)
Start importing Assets/New Folder/tinker.obj using Guid(d9e6e9d5476498746ade0775199572da) Importer(815301076,1909f56bfc062723c751e8b465ee728b)  -> (artifact id: 'e840d2e2fdb45e5a5804e8561a096175') in 0.319959 seconds
Number of updated asset objects reloaded before import = 0
Number of asset objects unloaded after import = 40
========================================================================
Received Import Request.
  Time since last request: 14.415405 seconds.
  path: Assets/Stylized Snow Forest/Materials
  artifactKey: Guid(e93280e323e2ba146b398bd794d7d88b) Importer(815301076,1909f56bfc062723c751e8b465ee728b)
Start importing Assets/Stylized Snow Forest/Materials using Guid(e93280e323e2ba146b398bd794d7d88b) Importer(815301076,1909f56bfc062723c751e8b465ee728b)  -> (artifact id: '779feda52e2bf18eddf8ea7611ecec78') in 0.000857 seconds
Number of updated asset objects reloaded before import = 0
Number of asset objects unloaded after import = 0
========================================================================
Received Import Request.
  Time since last request: 0.044320 seconds.
  path: Assets/Stylized Snow Forest/Materials/Environment_Atlas.mat
  artifactKey: Guid(dfbc2ece44a063d4ea9ba44278ccadca) Importer(815301076,1909f56bfc062723c751e8b465ee728b)
Start importing Assets/Stylized Snow Forest/Materials/Environment_Atlas.mat using Guid(dfbc2ece44a063d4ea9ba44278ccadca) Importer(815301076,1909f56bfc062723c751e8b465ee728b)  -> (artifact id: '0eb876a0ad1e7956f59b9d16e93058ce') in 0.825470 seconds
Number of updated asset objects reloaded before import = 0
Number of asset objects unloaded after import = 2
========================================================================
Received Import Request.
  Time since last request: 74.898294 seconds.
  path: Assets/Stylized Snow Forest/Terrain/Layer.terrainlayer
  artifactKey: Guid(c1d80a365f4a9aa489135d8f81afb136) Importer(815301076,1909f56bfc062723c751e8b465ee728b)
Start importing Assets/Stylized Snow Forest/Terrain/Layer.terrainlayer using Guid(c1d80a365f4a9aa489135d8f81afb136) Importer(815301076,1909f56bfc062723c751e8b465ee728b)  -> (artifact id: '4d7b0bac48e5533386f758771311d3f5') in 0.013924 seconds
Number of updated asset objects reloaded before import = 0
Number of asset objects unloaded after import = 2
========================================================================
Received Import Request.
  Time since last request: 4.008197 seconds.
  path: Assets/Stylized Snow Forest/Prefabs/Animals_Sign.prefab
  artifactKey: Guid(0f2e0f4ee7964964d8ecedce134fc290) Importer(815301076,1909f56bfc062723c751e8b465ee728b)
Start importing Assets/Stylized Snow Forest/Prefabs/Animals_Sign.prefab using Guid(0f2e0f4ee7964964d8ecedce134fc290) Importer(815301076,1909f56bfc062723c751e8b465ee728b)  -> (artifact id: 'bd8bd6b0f922d3e93edb24b7c55337ea') in 0.023154 seconds
Number of updated asset objects reloaded before import = 0
Number of asset objects unloaded after import = 16
========================================================================
Received Import Request.
  Time since last request: 0.010871 seconds.
  path: Assets/Stylized Snow Forest/Prefabs/Branch_02.prefab
  artifactKey: Guid(ebd2ed5eb87ccda49b76554d6dd91460) Importer(815301076,1909f56bfc062723c751e8b465ee728b)
Start importing Assets/Stylized Snow Forest/Prefabs/Branch_02.prefab using Guid(ebd2ed5eb87ccda49b76554d6dd91460) Importer(815301076,1909f56bfc062723c751e8b465ee728b)  -> (artifact id: 'a5e2f371f15410fa5c9f9acd21b79a10') in 0.015377 seconds
Number of updated asset objects reloaded before import = 0
Number of asset objects unloaded after import = 9
========================================================================
Received Import Request.
  Time since last request: 0.000711 seconds.
  path: Assets/Stylized Snow Forest/Prefabs/Straight.prefab
  artifactKey: Guid(b8c83e1f89fb1f343b74be7bb3f38303) Importer(815301076,1909f56bfc062723c751e8b465ee728b)
Start importing Assets/Stylized Snow Forest/Prefabs/Straight.prefab using Guid(b8c83e1f89fb1f343b74be7bb3f38303) Importer(815301076,1909f56bfc062723c751e8b465ee728b)  -> (artifact id: '47074128a1f105ee9dd30f2278259623') in 0.016669 seconds
Number of updated asset objects reloaded before import = 0
Number of asset objects unloaded after import = 10
========================================================================
Received Import Request.
  Time since last request: 0.000678 seconds.
  path: Assets/Stylized Snow Forest/Prefabs/Turn_90.prefab
  artifactKey: Guid(c4f2ba8d85e1cfe45a56e0dddda36bf9) Importer(815301076,1909f56bfc062723c751e8b465ee728b)
Start importing Assets/Stylized Snow Forest/Prefabs/Turn_90.prefab using Guid(c4f2ba8d85e1cfe45a56e0dddda36bf9) Importer(815301076,1909f56bfc062723c751e8b465ee728b)  -> (artifact id: 'fb87845bf7d5b9f11387e7fe9679ac12') in 0.016017 seconds
Number of updated asset objects reloaded before import = 0
Number of asset objects unloaded after import = 10
========================================================================
Received Import Request.
  Time since last request: 0.000701 seconds.
  path: Assets/Stylized Snow Forest/Prefabs/Intersection_T.prefab
  artifactKey: Guid(9306ccfe044ed9d4ab477322043fdb1b) Importer(815301076,1909f56bfc062723c751e8b465ee728b)
Start importing Assets/Stylized Snow Forest/Prefabs/Intersection_T.prefab using Guid(9306ccfe044ed9d4ab477322043fdb1b) Importer(815301076,1909f56bfc062723c751e8b465ee728b)  -> (artifact id: '47b3653710bef3a31bb93e719a3e9cc4') in 0.014653 seconds
Number of updated asset objects reloaded before import = 0
Number of asset objects unloaded after import = 10
========================================================================
Received Import Request.
  Time since last request: 0.000580 seconds.
  path: Assets/Stylized Snow Forest/Prefabs/Rock_3.prefab
  artifactKey: Guid(bd3902d22e225d2418a3fb59004719d8) Importer(815301076,1909f56bfc062723c751e8b465ee728b)
Start importing Assets/Stylized Snow Forest/Prefabs/Rock_3.prefab using Guid(bd3902d22e225d2418a3fb59004719d8) Importer(815301076,1909f56bfc062723c751e8b465ee728b)  -> (artifact id: '865a2e9f715dddc20d4cefa856bbdce4') in 0.016585 seconds
Number of updated asset objects reloaded before import = 0
Number of asset objects unloaded after import = 10
========================================================================
Received Import Request.
  Time since last request: 0.000555 seconds.
  path: Assets/Stylized Snow Forest/Prefabs/Grass_02.prefab
  artifactKey: Guid(32d9569a6e9f7bb449727a7fc463ac76) Importer(815301076,1909f56bfc062723c751e8b465ee728b)
Start importing Assets/Stylized Snow Forest/Prefabs/Grass_02.prefab using Guid(32d9569a6e9f7bb449727a7fc463ac76) Importer(815301076,1909f56bfc062723c751e8b465ee728b)  -> (artifact id: 'b0ad2c36d3a96d22a11ff30425d91dc4') in 0.017509 seconds
Number of updated asset objects reloaded before import = 0
Number of asset objects unloaded after import = 9
========================================================================
Received Import Request.
  Time since last request: 0.000364 seconds.
  path: Assets/Stylized Snow Forest/Prefabs/Tree_01.prefab
  artifactKey: Guid(fd7eba3eb1160b6408a371d3796e921c) Importer(815301076,1909f56bfc062723c751e8b465ee728b)
Start importing Assets/Stylized Snow Forest/Prefabs/Tree_01.prefab using Guid(fd7eba3eb1160b6408a371d3796e921c) Importer(815301076,1909f56bfc062723c751e8b465ee728b)  -> (artifact id: '82c286711527ea8779ae8ed3e5994128') in 0.017856 seconds
Number of updated asset objects reloaded before import = 0
Number of asset objects unloaded after import = 19
========================================================================
Received Import Request.
  Time since last request: 0.000501 seconds.
  path: Assets/Stylized Snow Forest/Prefabs/Rock_2.prefab
  artifactKey: Guid(72f53497a78cb094da1de89eaf990df4) Importer(815301076,1909f56bfc062723c751e8b465ee728b)
Start importing Assets/Stylized Snow Forest/Prefabs/Rock_2.prefab using Guid(72f53497a78cb094da1de89eaf990df4) Importer(815301076,1909f56bfc062723c751e8b465ee728b)  -> (artifact id: '0d38785af1709e1df1509932f74defa3') in 0.013032 seconds
Number of updated asset objects reloaded before import = 0
Number of asset objects unloaded after import = 10
========================================================================
Received Import Request.
  Time since last request: 0.000422 seconds.
  path: Assets/Stylized Snow Forest/Prefabs/Grass_04.prefab
  artifactKey: Guid(21eb28e56ac4a46418a5066079cea1bc) Importer(815301076,1909f56bfc062723c751e8b465ee728b)
Start importing Assets/Stylized Snow Forest/Prefabs/Grass_04.prefab using Guid(21eb28e56ac4a46418a5066079cea1bc) Importer(815301076,1909f56bfc062723c751e8b465ee728b)  -> (artifact id: 'ddee2b5a1d4fe4607489c51071a85648') in 0.013835 seconds
Number of updated asset objects reloaded before import = 0
Number of asset objects unloaded after import = 9
========================================================================
Received Import Request.
  Time since last request: 0.000542 seconds.
  path: Assets/Stylized Snow Forest/Prefabs/Branch_04.prefab
  artifactKey: Guid(524424643e0b6a94bb5365cf35b9b705) Importer(815301076,1909f56bfc062723c751e8b465ee728b)
Start importing Assets/Stylized Snow Forest/Prefabs/Branch_04.prefab using Guid(524424643e0b6a94bb5365cf35b9b705) Importer(815301076,1909f56bfc062723c751e8b465ee728b)  -> (artifact id: '51bf186e9205c29d6648cb1c6551d2ab') in 0.022850 seconds
Number of updated asset objects reloaded before import = 0
Number of asset objects unloaded after import = 9
========================================================================
Received Import Request.
  Time since last request: 0.000418 seconds.
  path: Assets/Stylized Snow Forest/Prefabs/Grass_03.prefab
  artifactKey: Guid(6bf377fd76930b74e82198be981aad06) Importer(815301076,1909f56bfc062723c751e8b465ee728b)
Start importing Assets/Stylized Snow Forest/Prefabs/Grass_03.prefab using Guid(6bf377fd76930b74e82198be981aad06) Importer(815301076,1909f56bfc062723c751e8b465ee728b)  -> (artifact id: 'b0ffd03e2a2df8c6160a8bfcf3d0628f') in 0.018066 seconds
Number of updated asset objects reloaded before import = 0
Number of asset objects unloaded after import = 9
========================================================================
Received Import Request.
  Time since last request: 0.000383 seconds.
  path: Assets/Stylized Snow Forest/Prefabs/Tree_02.prefab
  artifactKey: Guid(7c17e9f5a62c2a5478a2ff30ca30f1eb) Importer(815301076,1909f56bfc062723c751e8b465ee728b)
Start importing Assets/Stylized Snow Forest/Prefabs/Tree_02.prefab using Guid(7c17e9f5a62c2a5478a2ff30ca30f1eb) Importer(815301076,1909f56bfc062723c751e8b465ee728b)  -> (artifact id: '2dfa668f738359a0fc51e77c20920fcd') in 0.019409 seconds
Number of updated asset objects reloaded before import = 0
Number of asset objects unloaded after import = 19
========================================================================
Received Import Request.
  Time since last request: 0.000589 seconds.
  path: Assets/Stylized Snow Forest/Prefabs/Tree_03.prefab
  artifactKey: Guid(7f1e2ae58c5972e4085a61b1acdedaff) Importer(815301076,1909f56bfc062723c751e8b465ee728b)
Start importing Assets/Stylized Snow Forest/Prefabs/Tree_03.prefab using Guid(7f1e2ae58c5972e4085a61b1acdedaff) Importer(815301076,1909f56bfc062723c751e8b465ee728b)  -> (artifact id: 'ccd49eb80ec853deaf87eafb968ed045') in 0.017168 seconds
Number of updated asset objects reloaded before import = 0
Number of asset objects unloaded after import = 19
========================================================================
Received Import Request.
  Time since last request: 0.000412 seconds.
  path: Assets/Stylized Snow Forest/Prefabs/Pine_01.prefab
  artifactKey: Guid(c53589fd05733bf4daa37677a3e6a829) Importer(815301076,1909f56bfc062723c751e8b465ee728b)
Start importing Assets/Stylized Snow Forest/Prefabs/Pine_01.prefab using Guid(c53589fd05733bf4daa37677a3e6a829) Importer(815301076,1909f56bfc062723c751e8b465ee728b)  -> (artifact id: 'd7669b60e098705f7e0e7e04f0a2e2a8') in 0.019135 seconds
Number of updated asset objects reloaded before import = 0
Number of asset objects unloaded after import = 30
========================================================================
Received Import Request.
  Time since last request: 0.000503 seconds.
  path: Assets/Stylized Snow Forest/Prefabs/Grass_01.prefab
  artifactKey: Guid(2f3e88a796323a24397f5548e432b93a) Importer(815301076,1909f56bfc062723c751e8b465ee728b)
Start importing Assets/Stylized Snow Forest/Prefabs/Grass_01.prefab using Guid(2f3e88a796323a24397f5548e432b93a) Importer(815301076,1909f56bfc062723c751e8b465ee728b)  -> (artifact id: '0401fd5f09dd0943f4500e46c962482c') in 0.017454 seconds
Number of updated asset objects reloaded before import = 0
Number of asset objects unloaded after import = 9
========================================================================
Received Import Request.
  Time since last request: 0.000608 seconds.
  path: Assets/Stylized Snow Forest/Prefabs/Rock_4.prefab
  artifactKey: Guid(674a46ec73e215a42868c91588af4a58) Importer(815301076,1909f56bfc062723c751e8b465ee728b)
Start importing Assets/Stylized Snow Forest/Prefabs/Rock_4.prefab using Guid(674a46ec73e215a42868c91588af4a58) Importer(815301076,1909f56bfc062723c751e8b465ee728b)  -> (artifact id: 'b834d988208687d7aef82383466b4a69') in 0.022891 seconds
Number of updated asset objects reloaded before import = 0
Number of asset objects unloaded after import = 10
========================================================================
Received Import Request.
  Time since last request: 0.001167 seconds.
  path: Assets/Stylized Snow Forest/Prefabs/Rock_1.prefab
  artifactKey: Guid(f46b8032d681ce14fabc95e15c32a959) Importer(815301076,1909f56bfc062723c751e8b465ee728b)
Start importing Assets/Stylized Snow Forest/Prefabs/Rock_1.prefab using Guid(f46b8032d681ce14fabc95e15c32a959) Importer(815301076,1909f56bfc062723c751e8b465ee728b)  -> (artifact id: 'cc438177dab9bc47b1ec1a6f81ff173d') in 0.013190 seconds
Number of updated asset objects reloaded before import = 0
Number of asset objects unloaded after import = 10
========================================================================
Received Import Request.
  Time since last request: 0.000355 seconds.
  path: Assets/Stylized Snow Forest/Prefabs/Straight_Pipe.prefab
  artifactKey: Guid(47aa73de0db42a24c90deb4a8c55b88a) Importer(815301076,1909f56bfc062723c751e8b465ee728b)
Start importing Assets/Stylized Snow Forest/Prefabs/Straight_Pipe.prefab using Guid(47aa73de0db42a24c90deb4a8c55b88a) Importer(815301076,1909f56bfc062723c751e8b465ee728b)  -> (artifact id: '3763a5b7f55f04e98a32cf77c0740379') in 0.015461 seconds
Number of updated asset objects reloaded before import = 0
Number of asset objects unloaded after import = 10
========================================================================
Received Import Request.
  Time since last request: 26.864786 seconds.
  path: Assets/AllSkyFree/_AllSkyFreeDemoEnvironment/AllSky_DemoEnvironment02.fbx
  artifactKey: Guid(e8f07670fb0274e35a65e6e98594a930) Importer(815301076,1909f56bfc062723c751e8b465ee728b)
Start importing Assets/AllSkyFree/_AllSkyFreeDemoEnvironment/AllSky_DemoEnvironment02.fbx using Guid(e8f07670fb0274e35a65e6e98594a930) Importer(815301076,1909f56bfc062723c751e8b465ee728b)  -> (artifact id: '5b0dda7edc95f60ca10745f1968b5122') in 0.124521 seconds
Number of updated asset objects reloaded before import = 0
Number of asset objects unloaded after import = 11
========================================================================
Received Import Request.
  Time since last request: 0.000563 seconds.
  path: Assets/Stylized Snow Forest/Resourses/Models/SM_animals_sign.fbx
  artifactKey: Guid(81b6e18006707074da96e557e60b3fc1) Importer(815301076,1909f56bfc062723c751e8b465ee728b)
Start importing Assets/Stylized Snow Forest/Resourses/Models/SM_animals_sign.fbx using Guid(81b6e18006707074da96e557e60b3fc1) Importer(815301076,1909f56bfc062723c751e8b465ee728b)  -> (artifact id: '23f0bf5d8d51e74aa551bdb20f59a4d6') in 0.026818 seconds
Number of updated asset objects reloaded before import = 0
Number of asset objects unloaded after import = 9
========================================================================
Received Import Request.
  Time since last request: 0.000436 seconds.
  path: Assets/Stylized Snow Forest/Resourses/Models/SM_Branches.fbx
  artifactKey: Guid(31a13ee2e1cc2714f8b3c4a7f146a239) Importer(815301076,1909f56bfc062723c751e8b465ee728b)
Start importing Assets/Stylized Snow Forest/Resourses/Models/SM_Branches.fbx using Guid(31a13ee2e1cc2714f8b3c4a7f146a239) Importer(815301076,1909f56bfc062723c751e8b465ee728b)  -> (artifact id: 'dae05877a29b52dee8a99003902525b3') in 0.064697 seconds
Number of updated asset objects reloaded before import = 0
Number of asset objects unloaded after import = 26
========================================================================
Received Import Request.
  Time since last request: 0.000870 seconds.
  path: Assets/Stylized Snow Forest/Resourses/Models/SM_signpole.fbx
  artifactKey: Guid(6f933af4620af7c45937e906a400920f) Importer(815301076,1909f56bfc062723c751e8b465ee728b)
Start importing Assets/Stylized Snow Forest/Resourses/Models/SM_signpole.fbx using Guid(6f933af4620af7c45937e906a400920f) Importer(815301076,1909f56bfc062723c751e8b465ee728b)  -> (artifact id: '98041f637ff0de29565f7bbee605d15c') in 0.014499 seconds
Number of updated asset objects reloaded before import = 0
Number of asset objects unloaded after import = 9
========================================================================
Received Import Request.
  Time since last request: 0.000933 seconds.
  path: Assets/AllSkyFree/_AllSkyFreeDemoEnvironment/AllSkyFreeDemoEnvironment.prefab
  artifactKey: Guid(e2402d4ef4fe747ae9ad59bdccad4556) Importer(815301076,1909f56bfc062723c751e8b465ee728b)
Start importing Assets/AllSkyFree/_AllSkyFreeDemoEnvironment/AllSkyFreeDemoEnvironment.prefab using Guid(e2402d4ef4fe747ae9ad59bdccad4556) Importer(815301076,1909f56bfc062723c751e8b465ee728b)  -> (artifact id: 'cb428ca01b2ce984c29e191f574fe335') in 0.146384 seconds
Number of updated asset objects reloaded before import = 0
Number of asset objects unloaded after import = 119
Editor requested this worker to shutdown with reason: Scaling down because of idle timeout
TcpMessagingSession - receive error: operation aborted. errorcode: 995, details: La operación de E/S se anuló por una salida de subproceso o por una solicitud de aplicación.
AssetImportWorker is now disconnected from the server
Process exiting
Exiting without the bug reporter. Application will terminate with return code 0